# JRE version: OpenJDK Runtime Environment (11.0.12+7) (build 11.0.12+7-b1504.28-7817840)
# Java VM: OpenJDK 64-Bit Server VM (11.0.12+7-b1504.28-7817840, mixed mode, tiered, compressed oops, g1 gc, windows-amd64)
Heap:
 garbage-first heap   total 260096K, used 167386K [0x0000000080000000, 0x0000000100000000)
  region size 1024K, 67 young (68608K), 10 survivors (10240K)
 Metaspace       used 99683K, capacity 102320K, committed 103072K, reserved 1138688K
  class space    used 12814K, capacity 13716K, committed 14028K, reserved 1048576K
GC Heap History (20 events):
Event: 2.968 GC heap before
{Heap before GC invocations=6 (full 0):
 garbage-first heap   total 260096K, used 129853K [0x0000000080000000, 0x0000000100000000)
  region size 1024K, 108 young (110592K), 6 survivors (6144K)
 Metaspace       used 43729K, capacity 44765K, committed 44928K, reserved 1087488K
  class space    used 5580K, capacity 5944K, committed 6016K, reserved 1048576K
}
Event: 2.974 GC heap after
{Heap after GC invocations=7 (full 0):
 garbage-first heap   total 260096K, used 29603K [0x0000000080000000, 0x0000000100000000)
  region size 1024K, 13 young (13312K), 13 survivors (13312K)
 Metaspace       used 43729K, capacity 44765K, committed 44928K, reserved 1087488K
  class space    used 5580K, capacity 5944K, committed 6016K, reserved 1048576K
}
Event: 3.605 GC heap before
{Heap before GC invocations=7 (full 0):
 garbage-first heap   total 260096K, used 152483K [0x0000000080000000, 0x0000000100000000)
  region size 1024K, 129 young (132096K), 13 survivors (13312K)
 Metaspace       used 48653K, capacity 50006K, committed 50304K, reserved 1093632K
  class space    used 6247K, capacity 6730K, committed 6784K, reserved 1048576K
}
Event: 3.613 GC heap after
{Heap after GC invocations=8 (full 0):
 garbage-first heap   total 260096K, used 43204K [0x0000000080000000, 0x0000000100000000)
  region size 1024K, 17 young (17408K), 17 survivors (17408K)
 Metaspace       used 48653K, capacity 50006K, committed 50304K, reserved 1093632K
  class space    used 6247K, capacity 6730K, committed 6784K, reserved 1048576K
}
Event: 4.201 GC heap before
{Heap before GC invocations=8 (full 0):
 garbage-first heap   total 260096K, used 115908K [0x0000000080000000, 0x0000000100000000)
  region size 1024K, 89 young (91136K), 17 survivors (17408K)
 Metaspace       used 58631K, capacity 60120K, committed 60160K, reserved 1101824K
  class space    used 7490K, capacity 8036K, committed 8064K, reserved 1048576K
}
Event: 4.218 GC heap after
{Heap after GC invocations=9 (full 0):
 garbage-first heap   total 260096K, used 46916K [0x0000000080000000, 0x0000000100000000)
  region size 1024K, 14 young (14336K), 14 survivors (14336K)
 Metaspace       used 58631K, capacity 60120K, committed 60160K, reserved 1101824K
  class space    used 7490K, capacity 8036K, committed 8064K, reserved 1048576K
}
Event: 5.078 GC heap before
{Heap before GC invocations=10 (full 0):
 garbage-first heap   total 260096K, used 180036K [0x0000000080000000, 0x0000000100000000)
  region size 1024K, 144 young (147456K), 14 survivors (14336K)
 Metaspace       used 67699K, capacity 69542K, committed 69836K, reserved 1110016K
  class space    used 8712K, capacity 9346K, committed 9420K, reserved 1048576K
}
Event: 5.087 GC heap after
{Heap after GC invocations=11 (full 0):
 garbage-first heap   total 260096K, used 56876K [0x0000000080000000, 0x0000000100000000)
  region size 1024K, 14 young (14336K), 14 survivors (14336K)
 Metaspace       used 67699K, capacity 69542K, committed 69836K, reserved 1110016K
  class space    used 8712K, capacity 9346K, committed 9420K, reserved 1048576K
}
Event: 5.920 GC heap before
{Heap before GC invocations=11 (full 0):
 garbage-first heap   total 260096K, used 184876K [0x0000000080000000, 0x0000000100000000)
  region size 1024K, 139 young (142336K), 14 survivors (14336K)
 Metaspace       used 77914K, capacity 79858K, committed 80076K, reserved 1118208K
  class space    used 10264K, capacity 10937K, committed 10956K, reserved 1048576K
}
Event: 5.929 GC heap after
{Heap after GC invocations=12 (full 0):
 garbage-first heap   total 260096K, used 65470K [0x0000000080000000, 0x0000000100000000)
  region size 1024K, 9 young (9216K), 9 survivors (9216K)
 Metaspace       used 77914K, capacity 79858K, committed 80076K, reserved 1118208K
  class space    used 10264K, capacity 10937K, committed 10956K, reserved 1048576K
}
Event: 6.574 GC heap before
{Heap before GC invocations=12 (full 0):
 garbage-first heap   total 260096K, used 191422K [0x0000000080000000, 0x0000000100000000)
  region size 1024K, 133 young (136192K), 9 survivors (9216K)
 Metaspace       used 82522K, capacity 85115K, committed 85452K, reserved 1122304K
  class space    used 10965K, capacity 11891K, committed 11980K, reserved 1048576K
}
Event: 6.584 GC heap after
{Heap after GC invocations=13 (full 0):
 garbage-first heap   total 260096K, used 73728K [0x0000000080000000, 0x0000000100000000)
  region size 1024K, 17 young (17408K), 17 survivors (17408K)
 Metaspace       used 82522K, capacity 85115K, committed 85452K, reserved 1122304K
  class space    used 10965K, capacity 11891K, committed 11980K, reserved 1048576K
}
Event: 6.998 GC heap before
{Heap before GC invocations=13 (full 0):
 garbage-first heap   total 260096K, used 196608K [0x0000000080000000, 0x0000000100000000)
  region size 1024K, 138 young (141312K), 17 survivors (17408K)
 Metaspace       used 85038K, capacity 87705K, committed 88012K, reserved 1124352K
  class space    used 11192K, capacity 12117K, committed 12236K, reserved 1048576K
}
Event: 7.011 GC heap after
{Heap after GC invocations=14 (full 0):
 garbage-first heap   total 260096K, used 82408K [0x0000000080000000, 0x0000000100000000)
  region size 1024K, 18 young (18432K), 18 survivors (18432K)
 Metaspace       used 85038K, capacity 87705K, committed 88012K, reserved 1124352K
  class space    used 11192K, capacity 12117K, committed 12236K, reserved 1048576K
}
Event: 8.954 GC heap before
{Heap before GC invocations=14 (full 0):
 garbage-first heap   total 260096K, used 200168K [0x0000000080000000, 0x0000000100000000)
  region size 1024K, 134 young (137216K), 18 survivors (18432K)
 Metaspace       used 89439K, capacity 92108K, committed 92364K, reserved 1128448K
  class space    used 11712K, capacity 12638K, committed 12748K, reserved 1048576K
}
Event: 8.964 GC heap after
{Heap after GC invocations=15 (full 0):
 garbage-first heap   total 260096K, used 89678K [0x0000000080000000, 0x0000000100000000)
  region size 1024K, 16 young (16384K), 16 survivors (16384K)
 Metaspace       used 89439K, capacity 92108K, committed 92364K, reserved 1128448K
  class space    used 11712K, capacity 12638K, committed 12748K, reserved 1048576K
}
Event: 9.710 GC heap before
{Heap before GC invocations=15 (full 0):
 garbage-first heap   total 260096K, used 204366K [0x0000000080000000, 0x0000000100000000)
  region size 1024K, 129 young (132096K), 16 survivors (16384K)
 Metaspace       used 91473K, capacity 94158K, committed 94412K, reserved 1130496K
  class space    used 11937K, capacity 12869K, committed 13004K, reserved 1048576K
}
Event: 9.721 GC heap after
{Heap after GC invocations=16 (full 0):
 garbage-first heap   total 260096K, used 98345K [0x0000000080000000, 0x0000000100000000)
  region size 1024K, 16 young (16384K), 16 survivors (16384K)
 Metaspace       used 91473K, capacity 94158K, committed 94412K, reserved 1130496K
  class space    used 11937K, capacity 12869K, committed 13004K, reserved 1048576K
}
Event: 11.829 GC heap before
{Heap before GC invocations=16 (full 0):
 garbage-first heap   total 260096K, used 155689K [0x0000000080000000, 0x0000000100000000)
  region size 1024K, 72 young (73728K), 16 survivors (16384K)
 Metaspace       used 97922K, capacity 100725K, committed 100812K, reserved 1136640K
  class space    used 12751K, capacity 13737K, committed 13772K, reserved 1048576K
}
Event: 11.851 GC heap after
{Heap after GC invocations=17 (full 0):
 garbage-first heap   total 260096K, used 110042K [0x0000000080000000, 0x0000000100000000)
  region size 1024K, 10 young (10240K), 10 survivors (10240K)
 Metaspace       used 97922K, capacity 100725K, committed 100812K, reserved 1136640K
  class space    used 12751K, capacity 13737K, committed 13772K, reserved 1048576K
}

