# JRE version: OpenJDK Runtime Environment (11.0.12+7) (build 11.0.12+7-b1504.28-7817840)
# Java VM: OpenJDK 64-Bit Server VM (11.0.12+7-b1504.28-7817840, mixed mode, tiered, compressed oops, g1 gc, windows-amd64)
Heap:
 garbage-first heap   total 260096K, used 196222K [0x0000000080000000, 0x0000000100000000)
  region size 1024K, 120 young (122880K), 6 survivors (6144K)
 Metaspace       used 89071K, capacity 91603K, committed 91784K, reserved 1128448K
  class space    used 11560K, capacity 12463K, committed 12496K, reserved 1048576K
GC Heap History (20 events):
Event: 1.530 GC heap before
{Heap before GC invocations=1 (full 0):
 garbage-first heap   total 260096K, used 112570K [0x0000000080000000, 0x0000000100000000)
  region size 1024K, 105 young (107520K), 3 survivors (3072K)
 Metaspace       used 20774K, capacity 21156K, committed 21296K, reserved 1069056K
  class space    used 2560K, capacity 2717K, committed 2816K, reserved 1048576K
}
Event: 1.536 GC heap after
{Heap after GC invocations=2 (full 0):
 garbage-first heap   total 260096K, used 16879K [0x0000000080000000, 0x0000000100000000)
  region size 1024K, 11 young (11264K), 11 survivors (11264K)
 Metaspace       used 20774K, capacity 21156K, committed 21296K, reserved 1069056K
  class space    used 2560K, capacity 2717K, committed 2816K, reserved 1048576K
}
Event: 1.825 GC heap before
{Heap before GC invocations=3 (full 0):
 garbage-first heap   total 260096K, used 58863K [0x0000000080000000, 0x0000000100000000)
  region size 1024K, 52 young (53248K), 11 survivors (11264K)
 Metaspace       used 25046K, capacity 25616K, committed 25728K, reserved 1071104K
  class space    used 3218K, capacity 3421K, committed 3456K, reserved 1048576K
}
Event: 1.829 GC heap after
{Heap after GC invocations=4 (full 0):
 garbage-first heap   total 260096K, used 18337K [0x0000000080000000, 0x0000000100000000)
  region size 1024K, 2 young (2048K), 2 survivors (2048K)
 Metaspace       used 25046K, capacity 25616K, committed 25728K, reserved 1071104K
  class space    used 3218K, capacity 3421K, committed 3456K, reserved 1048576K
}
Event: 2.469 GC heap before
{Heap before GC invocations=4 (full 0):
 garbage-first heap   total 260096K, used 90017K [0x0000000080000000, 0x0000000100000000)
  region size 1024K, 73 young (74752K), 2 survivors (2048K)
 Metaspace       used 35013K, capacity 35830K, committed 35920K, reserved 1081344K
  class space    used 4552K, capacity 4876K, committed 4944K, reserved 1048576K
}
Event: 2.474 GC heap after
{Heap after GC invocations=5 (full 0):
 garbage-first heap   total 260096K, used 21958K [0x0000000080000000, 0x0000000100000000)
  region size 1024K, 6 young (6144K), 6 survivors (6144K)
 Metaspace       used 35013K, capacity 35830K, committed 35920K, reserved 1081344K
  class space    used 4552K, capacity 4876K, committed 4944K, reserved 1048576K
}
Event: 3.548 GC heap before
{Heap before GC invocations=6 (full 0):
 garbage-first heap   total 260096K, used 136646K [0x0000000080000000, 0x0000000100000000)
  region size 1024K, 115 young (117760K), 6 survivors (6144K)
 Metaspace       used 44255K, capacity 45339K, committed 45520K, reserved 1089536K
  class space    used 5672K, capacity 6049K, committed 6096K, reserved 1048576K
}
Event: 3.555 GC heap after
{Heap after GC invocations=7 (full 0):
 garbage-first heap   total 260096K, used 29483K [0x0000000080000000, 0x0000000100000000)
  region size 1024K, 13 young (13312K), 13 survivors (13312K)
 Metaspace       used 44255K, capacity 45339K, committed 45520K, reserved 1089536K
  class space    used 5672K, capacity 6049K, committed 6096K, reserved 1048576K
}
Event: 7.604 GC heap before
{Heap before GC invocations=7 (full 0):
 garbage-first heap   total 260096K, used 169771K [0x0000000080000000, 0x0000000100000000)
  region size 1024K, 146 young (149504K), 13 survivors (13312K)
 Metaspace       used 51254K, capacity 52673K, committed 52944K, reserved 1095680K
  class space    used 6553K, capacity 7051K, committed 7120K, reserved 1048576K
}
Event: 7.614 GC heap after
{Heap after GC invocations=8 (full 0):
 garbage-first heap   total 260096K, used 44691K [0x0000000080000000, 0x0000000100000000)
  region size 1024K, 19 young (19456K), 19 survivors (19456K)
 Metaspace       used 51254K, capacity 52673K, committed 52944K, reserved 1095680K
  class space    used 6553K, capacity 7051K, committed 7120K, reserved 1048576K
}
Event: 8.179 GC heap before
{Heap before GC invocations=8 (full 0):
 garbage-first heap   total 260096K, used 93843K [0x0000000080000000, 0x0000000100000000)
  region size 1024K, 68 young (69632K), 19 survivors (19456K)
 Metaspace       used 58521K, capacity 60090K, committed 60296K, reserved 1101824K
  class space    used 7469K, capacity 8025K, committed 8144K, reserved 1048576K
}
Event: 8.198 GC heap after
{Heap after GC invocations=9 (full 0):
 garbage-first heap   total 260096K, used 46935K [0x0000000080000000, 0x0000000100000000)
  region size 1024K, 4 young (4096K), 4 survivors (4096K)
 Metaspace       used 58521K, capacity 60090K, committed 60296K, reserved 1101824K
  class space    used 7469K, capacity 8025K, committed 8144K, reserved 1048576K
}
Event: 9.362 GC heap before
{Heap before GC invocations=10 (full 0):
 garbage-first heap   total 260096K, used 188247K [0x0000000080000000, 0x0000000100000000)
  region size 1024K, 142 young (145408K), 4 survivors (4096K)
 Metaspace       used 69014K, capacity 70808K, committed 71048K, reserved 1110016K
  class space    used 8976K, capacity 9598K, committed 9680K, reserved 1048576K
}
Event: 9.373 GC heap after
{Heap after GC invocations=11 (full 0):
 garbage-first heap   total 260096K, used 55771K [0x0000000080000000, 0x0000000100000000)
  region size 1024K, 12 young (12288K), 12 survivors (12288K)
 Metaspace       used 69014K, capacity 70808K, committed 71048K, reserved 1110016K
  class space    used 8976K, capacity 9598K, committed 9680K, reserved 1048576K
}
Event: 10.324 GC heap before
{Heap before GC invocations=12 (full 0):
 garbage-first heap   total 260096K, used 192987K [0x0000000080000000, 0x0000000100000000)
  region size 1024K, 146 young (149504K), 12 survivors (12288K)
 Metaspace       used 78865K, capacity 80823K, committed 80904K, reserved 1120256K
  class space    used 10354K, capacity 11038K, committed 11088K, reserved 1048576K
}
Event: 10.335 GC heap after
{Heap after GC invocations=13 (full 0):
 garbage-first heap   total 260096K, used 65207K [0x0000000080000000, 0x0000000100000000)
  region size 1024K, 10 young (10240K), 10 survivors (10240K)
 Metaspace       used 78865K, capacity 80823K, committed 80904K, reserved 1120256K
  class space    used 10354K, capacity 11038K, committed 11088K, reserved 1048576K
}
Event: 11.578 GC heap before
{Heap before GC invocations=13 (full 0):
 garbage-first heap   total 260096K, used 198327K [0x0000000080000000, 0x0000000100000000)
  region size 1024K, 139 young (142336K), 10 survivors (10240K)
 Metaspace       used 83611K, capacity 85979K, committed 86152K, reserved 1124352K
  class space    used 11017K, capacity 11894K, committed 11984K, reserved 1048576K
}
Event: 11.588 GC heap after
{Heap after GC invocations=14 (full 0):
 garbage-first heap   total 260096K, used 79033K [0x0000000080000000, 0x0000000100000000)
  region size 1024K, 18 young (18432K), 18 survivors (18432K)
 Metaspace       used 83611K, capacity 85979K, committed 86152K, reserved 1124352K
  class space    used 11017K, capacity 11894K, committed 11984K, reserved 1048576K
}
Event: 12.313 GC heap before
{Heap before GC invocations=14 (full 0):
 garbage-first heap   total 260096K, used 215225K [0x0000000080000000, 0x0000000100000000)
  region size 1024K, 135 young (138240K), 18 survivors (18432K)
 Metaspace       used 88552K, capacity 91085K, committed 91272K, reserved 1128448K
  class space    used 11532K, capacity 12444K, committed 12496K, reserved 1048576K
}
Event: 12.325 GC heap after
{Heap after GC invocations=15 (full 0):
 garbage-first heap   total 260096K, used 81534K [0x0000000080000000, 0x0000000100000000)
  region size 1024K, 6 young (6144K), 6 survivors (6144K)
 Metaspace       used 88552K, capacity 91085K, committed 91272K, reserved 1128448K
  class space    used 11532K, capacity 12444K, committed 12496K, reserved 1048576K
}

